"../../../../../../Users/ZHANDEV/Documents/GitHub/Whatever/Content/PolygonCity/Textures/T_PolygonCity_Emissive_01.uasset" 0
"../../../../../../Users/ZHANDEV/Documents/GitHub/Whatever/Content/PolygonCity/Textures/T_PolygonCity_Texture_04_C.uasset" 1
"../../../../../../Users/ZHANDEV/Documents/GitHub/Whatever/Content/PolygonCity/Textures/T_PolygonCity_Texture_Metallic.uasset" 2
"../../../../../../Users/ZHANDEV/Documents/GitHub/Whatever/Content/PolygonCity/Textures/T_PolygonCity_Texture_Normal_01.uasset" 3
"../../../../../../Users/ZHANDEV/Documents/GitHub/Whatever/Content/PolygonCity/Textures/T_PolygonCity_Texture_Roughness.uasset" 4
"../../../../../../Users/ZHANDEV/Documents/GitHub/Whatever/Content/PolygonCity/Materials/Mat_PolygonCity_Texture_04_C.uasset" 5
"../../../../../../Users/ZHANDEV/Documents/GitHub/Whatever/Content/PolygonCity/Textures/T_PolygonCity_Road_02.uasset" 6
"../../../../../../Users/ZHANDEV/Documents/GitHub/Whatever/Content/PolygonCity/Textures/T_PolygonCity_Road_Normal.uasset" 7
"../../../../../../Users/ZHANDEV/Documents/GitHub/Whatever/Content/PolygonCity/Materials/Mat_PolygonCity_Texture_Road_02.uasset" 8
"../../../../../../Users/ZHANDEV/Documents/GitHub/Whatever/Content/PolygonCity/Textures/T_PolygonCity_Road_03.uasset" 9
"../../../../../../Users/ZHANDEV/Documents/GitHub/Whatever/Content/PolygonCity/Materials/Mat_PolygonCity_Texture_Road_03.uasset" 10
"../../../../../../Users/ZHANDEV/Documents/GitHub/Whatever/Content/PolygonCity/Materials/Mat_PolygonCity_Texture_Road_04.uasset" 11
"../../../../../../Users/ZHANDEV/Documents/GitHub/Whatever/Content/PolygonCity/Textures/T_PolygonCity_Texture_01_A.uasset" 12
"../../../../../../Users/ZHANDEV/Documents/GitHub/Whatever/Content/PolygonCity/Materials/Mat_PolygonCity_Texture_01_A.uasset" 13
"../../../../../../Users/ZHANDEV/Documents/GitHub/Whatever/Content/PolygonCity/Meshes/Environments/SM_Env_Cloud_01.uasset" 14
"../../../../../../Users/ZHANDEV/Documents/GitHub/Whatever/Content/PolygonCity/Textures/T_PolygonCity_Emissive_02.uasset" 15
"../../../../../../Users/ZHANDEV/Documents/GitHub/Whatever/Content/PolygonCity/Textures/T_PolygonCity_Emissive_03.uasset" 16
"../../../../../../Users/ZHANDEV/Documents/GitHub/Whatever/Content/PolygonCity/Textures/T_PolygonCity_Emissive_04.uasset" 17
"../../../../../../Users/ZHANDEV/Documents/GitHub/Whatever/Content/PolygonCity/Textures/T_PolygonCity_Emissive_05.uasset" 18
"../../../../../../Users/ZHANDEV/Documents/GitHub/Whatever/Content/PolygonCity/Textures/T_PolygonCity_Road_04.uasset" 19
"../../../Engine/Content/Functions/Engine_MaterialFunctions01/Opacity/CameraDepthFade.uasset" 20
"../../../Engine/Content/EngineMaterials/T_Default_Material_Grid_M.uasset" 21
"../../../Engine/Content/EngineMaterials/T_Default_Material_Grid_N.uasset" 22
"../../../Engine/Content/EngineMaterials/WorldGridMaterial.uasset" 23
"../../../Engine/Content/ArtTools/RenderToTexture/Meshes/S_1_Unit_Plane.uasset" 24
"../../../Engine/Content/BasicShapes/Cube.uasset" 25
"../../../Engine/Content/EngineMaterials/DefaultMaterial.uasset" 26
"../../../Engine/Content/BasicShapes/Cylinder.uasset" 27
"../../../Engine/Content/BasicShapes/Plane.uasset" 28
"../../../Engine/Content/BasicShapes/Sphere.uasset" 29
"../../../Engine/Content/EditorLandscapeResources/DataLayer.uasset" 30
"../../../Engine/Content/EditorMaterials/GizmoMaterial.uasset" 31
"../../../Engine/Content/EditorMaterials/MAT_Groups_Toggle.uasset" 32
"../../../Engine/Content/EditorMaterials/MAT_Groups_Visibility.uasset" 33
"../../../Engine/Content/EditorMaterials/PreviewShadowIndicator.uasset" 34
"../../../Engine/Content/EditorMaterials/PreviewShadowIndicatorMaterial.uasset" 35
"../../../Engine/Content/EditorMaterials/MatineeGroups/MAT_ColorTrack.uasset" 36
"../../../Engine/Content/EditorMaterials/MatineeGroups/MAT_Groups_Anim.uasset" 37
"../../../Engine/Content/EditorMaterials/MatineeGroups/MAT_Groups_AudioMaster.uasset" 38
"../../../Engine/Content/EditorMaterials/MatineeGroups/MAT_Groups_Director.uasset" 39
"../../../Engine/Content/EditorMaterials/MatineeGroups/MAT_Groups_Event.uasset" 40
"../../../Engine/Content/EditorMaterials/MatineeGroups/MAT_Groups_Fade.uasset" 41
"../../../Engine/Content/EditorMaterials/MatineeGroups/MAT_Groups_Float.uasset" 42
"../../../Engine/Content/EditorMaterials/MatineeGroups/MAT_Groups_Move.uasset" 43
"../../../Engine/Content/EditorMaterials/MatineeGroups/MAT_Groups_Slomo.uasset" 44
"../../../Engine/Content/EditorMaterials/MatineeGroups/MAT_Groups_Sound.uasset" 45
"../../../Engine/Content/EditorMaterials/MatineeGroups/MAT_Groups_Vector.uasset" 46
"../../../Engine/Content/EditorMaterials/ParticleSystems/PSysThumbnail_NoImage.uasset" 47
"../../../Engine/Content/EditorMaterials/ParticleSystems/PSysThumbnail_OOD.uasset" 48
"../../../Engine/Content/EditorMaterials/Camera/CineMat.uasset" 49
"../../../Engine/Content/EditorMaterials/Camera/MI_CineMat_Rig.uasset" 50
"../../../Engine/Content/EditorMeshes/Camera/SM_CraneRig_Arm.uasset" 51
"../../../Engine/Content/EditorMeshes/Camera/SM_CraneRig_Base.uasset" 52
"../../../Engine/Content/EditorMeshes/Camera/SM_CraneRig_Body.uasset" 53
"../../../Engine/Content/EditorMeshes/Camera/SM_CraneRig_Mount.uasset" 54
"../../../Engine/Content/EditorMeshes/Camera/SM_RailRig_Mount.uasset" 55
"../../../Engine/Content/EditorMeshes/Camera/SM_RailRig_Track.uasset" 56
"../../../Engine/Content/EditorResources/BSPVertex.uasset" 57
"../../../Engine/Content/EditorResources/EmptyActor.uasset" 58
"../../../Engine/Content/EditorResources/S_Actor.uasset" 59
"../../../Engine/Content/EditorResources/S_Trigger.uasset" 60
"../../../Engine/Content/EditorResources/LightIcons/S_LightError.uasset" 61
"../../../Engine/Content/EditorResources/SequenceRecorder/Countdown.uasset" 62
"../../../Engine/Content/EditorResources/SequenceRecorder/RecordingIndicator.uasset" 63
"../../../Engine/Content/EditorSounds/Notifications/CompileFailed.uasset" 64
"../../../Engine/Content/EditorSounds/Notifications/CompileFailed_Cue.uasset" 65
"../../../Engine/Content/EditorSounds/Notifications/CompileSuccess.uasset" 66
"../../../Engine/Content/EditorSounds/Notifications/CompileStart_Cue.uasset" 67
"../../../Engine/Content/EditorSounds/Notifications/CompileSuccess_Cue.uasset" 68
"../../../Engine/Content/EngineDamageTypes/DmgTypeBP_Environmental.uasset" 69
"../../../Engine/Content/EngineDebugMaterials/HeatmapGradient.uasset" 70
"../../../Engine/Content/EngineDebugMaterials/BoneWeightMaterial.uasset" 71
"../../../Engine/Content/EngineDebugMaterials/ClothMaterial.uasset" 72
"../../../Engine/Content/EngineDebugMaterials/ClothMaterial_WF.uasset" 73
"../../../Engine/Content/EngineDebugMaterials/DebugEditorMaterial.uasset" 74
"../../../Engine/Content/EngineDebugMaterials/DebugMeshMaterial.uasset" 75
"../../../Engine/Content/EngineDebugMaterials/GeomMaterial.uasset" 76
"../../../Engine/Content/EngineDebugMaterials/M_SimpleTranslucent.uasset" 77
"../../../Engine/Content/EngineFonts/Faces/RobotoBold.uasset" 78
"../../../Engine/Content/EngineFonts/Faces/RobotoBoldItalic.uasset" 79
"../../../Engine/Content/EngineFonts/Faces/RobotoItalic.uasset" 80
"../../../Engine/Content/EngineFonts/Faces/RobotoLight.uasset" 81
"../../../Engine/Content/EngineFonts/Faces/RobotoRegular.uasset" 82
"../../../Engine/Content/EngineFonts/Roboto.uasset" 83
"../../../Engine/Content/EngineFonts/Faces/RobotoTiny.uasset" 84
"../../../Engine/Content/EngineFonts/RobotoTiny.uasset" 85
"../../../Engine/Content/EngineMaterials/BaseFlattenDiffuseMap.uasset" 86
"../../../Engine/Content/EngineMaterials/BaseFlattenEmissiveMap.uasset" 87
"../../../Engine/Content/EngineMaterials/BaseFlattenGrayscaleMap.uasset" 88
"../../../Engine/Content/EngineMaterials/BaseFlattenNormalMap.uasset" 89
"../../../Engine/Content/EngineMaterials/BaseFlattenMaterial.uasset" 90
"../../../Engine/Content/EngineMaterials/DefaultBloomKernel.uasset" 91
"../../../Engine/Content/EngineMaterials/DefaultBokeh.uasset" 92
"../../../Engine/Content/EngineMaterials/DefaultDiffuse.uasset" 93
"../../../Engine/Content/EngineMaterials/DefaultDeferredDecalMaterial.uasset" 94
"../../../Engine/Content/EngineMaterials/DefaultLightFunctionMaterial.uasset" 95
"../../../Engine/Content/EngineMaterials/DefaultPhysicalMaterial.uasset" 96
"../../../Engine/Content/Functions/Engine_MaterialFunctions02/Utility/BreakOutFloat2Components.uasset" 97
"../../../Engine/Content/EngineMaterials/DefaultPostProcessMaterial.uasset" 98
"../../../Engine/Content/EngineFonts/RobotoDistanceField.uasset" 99
"../../../Engine/Content/EngineMaterials/DefaultTextMaterialOpaque.uasset" 100
"../../../Engine/Content/EngineMaterials/DefaultWhiteGrid.uasset" 101
"../../../Engine/Content/EngineMaterials/EditorBrushMaterial.uasset" 102
"../../../Engine/Content/EngineMaterials/Good64x64TilingNoiseHighFreq.uasset" 103
"../../../Engine/Content/EngineMaterials/MiniFont.uasset" 104
"../../../Engine/Content/EngineMaterials/InvalidLightmapSettings.uasset" 105
"../../../Engine/Content/EngineMaterials/M_InvalidLightmapSettings.uasset" 106
"../../../Engine/Content/Functions/Engine_MaterialFunctions02/WorldPositionOffset/CameraOffset.uasset" 107
"../../../Engine/Content/EngineMaterials/PhAT_JointLimitMaterial.uasset" 108
"../../../Engine/Content/EngineMaterials/PreintegratedSkinBRDF.uasset" 109
"../../../Engine/Content/EngineMaterials/RemoveSurfaceMaterial.uasset" 110
"../../../Engine/Content/EngineMaterials/WeightMapPlaceholderTexture.uasset" 111
"../../../Engine/Content/EngineResources/WhiteSquareTexture.uasset" 112
"../../../Engine/Content/EngineMaterials/Widget3DPassThrough.uasset" 113
"../../../Engine/Content/EngineMaterials/Widget3DPassThrough_Masked.uasset" 114
"../../../Engine/Content/EngineMaterials/Widget3DPassThrough_Opaque.uasset" 115
"../../../Engine/Content/EngineMaterials/Widget3DPassThrough_Masked_OneSided.uasset" 116
"../../../Engine/Content/EngineMaterials/Widget3DPassThrough_Opaque_OneSided.uasset" 117
"../../../Engine/Content/EngineMaterials/Widget3DPassThrough_Translucent.uasset" 118
"../../../Engine/Content/EngineMaterials/Widget3DPassThrough_Translucent_OneSided.uasset" 119
"../../../Engine/Content/EngineMeshes/Cylinder.uasset" 120
"../../../Engine/Content/EngineMeshes/Sphere.uasset" 121
"../../../Engine/Content/EngineResources/Black.uasset" 122
"../../../Engine/Content/EngineResources/DefaultTexture.uasset" 123
"../../../Engine/Content/EngineResources/DefaultTextureCube.uasset" 124
"../../../Engine/Content/EngineResources/DefaultVolumeTexture2D.uasset" 125
"../../../Engine/Content/EngineResources/DefaultVolumeTexture.uasset" 126
"../../../Engine/Content/EngineResources/GradientTexture0.uasset" 127
"../../../Engine/Content/EngineSounds/Master.uasset" 128
"../../../Engine/Content/Functions/Engine_MaterialFunctions01/Shading/ConvertFromDiffSpec.uasset" 129
"../../../Engine/Content/Functions/Engine_MaterialFunctions01/Shading/PowerToRoughness.uasset" 130
"../../../Engine/Content/Maps/Templates/Thumbnails/Default.uasset" 131
"../../../Engine/Content/Maps/Templates/Thumbnails/VR-Basic.uasset" 132
"../../../Engine/Content/MobileResources/T_MobileControls_texture.uasset" 133
"../../../Engine/Content/MobileResources/T_MobileMenu2.uasset" 134
"../../../Engine/Content/MobileResources/HUD/AnalogHat.uasset" 135
"../../../Engine/Content/MobileResources/HUD/VirtualJoystick_Background.uasset" 136
"../../../Engine/Content/MobileResources/HUD/VirtualJoystick_Thumb.uasset" 137
"../../../Engine/Content/MobileResources/HUD/DefaultVirtualJoysticks.uasset" 138
"../../../Engine/Content/MobileResources/HUD/LeftVirtualJoystickOnly.uasset" 139
"../../../Engine/Content/MobileResources/HUD/MobileHUDButton1_off.uasset" 140
"../../../Engine/Content/MobileResources/HUD/MobileHUDButton1_on.uasset" 141
"../../../Engine/Content/MobileResources/HUD/MobileHUDButton2_off.uasset" 142
"../../../Engine/Content/MobileResources/HUD/MobileHUDButton2_on.uasset" 143
"../../../Engine/Content/MobileResources/HUD/MobileHUDButton3.uasset" 144
"../../../Engine/Content/MobileResources/HUD/MobileHUDButtonFire.uasset" 145
"../../../Engine/Content/MobileResources/HUD/MobileHUDDirectionPad.uasset" 146
"../../../Engine/Content/MobileResources/HUD/MobileHUDDirectionPad2.uasset" 147
"../../../Engine/Content/MobileResources/HUD/MobileHUDDirectionPad3.uasset" 148
"../../../Engine/Content/MobileResources/HUD/MobileHUDDirectionStick.uasset" 149
"../../../Engine/Content/MobileResources/HUD/T_Castle_ThumbstickInner.uasset" 150
"../../../Engine/Content/MobileResources/HUD/T_Castle_ThumbstickOutter.uasset" 151
"../../../Engine/Content/Tutorial/ContentIntroCurve.uasset" 152
"../../../Engine/Content/VREditor/LaserPointer/VR_LaserPower_01.uasset" 153
"../../../Engine/Content/VREditor/TransformGizmo/TransformGizmoMaterial.uasset" 154
"../../../Engine/Content/VREditor/TransformGizmo/TranslucentTransformGizmoMaterial.uasset" 155
"../../../Engine/Content/VREditor/TransformGizmo/BoundingBoxCorner.uasset" 156
"../../../Engine/Content/VREditor/TransformGizmo/BoundingBoxEdge.uasset" 157
"../../../Engine/Content/VREditor/TransformGizmo/PlaneTranslationHandle.uasset" 158
"../../../Engine/Content/VREditor/TransformGizmo/Main.uasset" 159
"../../../Engine/Content/VREditor/TransformGizmo/Xray.uasset" 160
"../../../Engine/Content/VREditor/TransformGizmo/SM_Sequencer_Key.uasset" 161
"../../../Engine/Content/VREditor/TransformGizmo/SM_Sequencer_Node.uasset" 162
"../../Plugins/2D/Paper2D/Content/PlaceholderTextures/DummySpriteTexture.uasset" 163
"../../Plugins/2D/Paper2D/Content/DummySprite.uasset" 164
"../../Plugins/2D/Paper2D/Content/DefaultPaperTerrainMaterial.uasset" 165
"../../Plugins/2D/Paper2D/Content/DefaultSpriteMaterial.uasset" 166
"../../Plugins/2D/Paper2D/Content/MaskedUnlitSpriteMaterial.uasset" 167
"../../Plugins/2D/Paper2D/Content/OpaqueUnlitSpriteMaterial.uasset" 168
"../../Plugins/Runtime/Oculus/OculusVR/Content/Materials/PokeAHoleMaterial.uasset" 169
"../../Plugins/Runtime/Oculus/OculusVR/Content/Textures/GearVRController_AO.uasset" 170
"../../Plugins/Runtime/Oculus/OculusVR/Content/Textures/GearVRController_Color.uasset" 171
"../../Plugins/Runtime/Oculus/OculusVR/Content/Textures/GearVRController_Normal.uasset" 172
"../../Plugins/Runtime/Oculus/OculusVR/Content/Materials/GearVRControllerMaterial.uasset" 173
"../../Plugins/Runtime/Oculus/OculusVR/Content/Meshes/GearVrController.uasset" 174
"../../Plugins/Runtime/Oculus/OculusVR/Content/Textures/touchController_albedo.uasset" 175
"../../Plugins/Runtime/Oculus/OculusVR/Content/Textures/touchController_controlmap.uasset" 176
"../../Plugins/Runtime/Oculus/OculusVR/Content/Materials/touchController_mat.uasset" 177
"../../Plugins/Runtime/Oculus/OculusVR/Content/Meshes/LeftTouchController.uasset" 178
"../../Plugins/Runtime/Oculus/OculusVR/Content/Meshes/RiftHMD.uasset" 179
"../../Plugins/Runtime/Oculus/OculusVR/Content/Meshes/RightTouchController.uasset" 180
"../../../Engine/Content/EditorBlueprintResources/StandardMacros.uasset" 181
"../../../Engine/Content/EngineSky/C_Sky_Cloud_Color.uasset" 182
"../../../Engine/Content/EngineSky/C_Sky_Horizon_Color.uasset" 183
"../../../Engine/Content/EngineSky/C_Sky_Zenith_Color.uasset" 184
"../../../Engine/Content/EngineSky/T_Sky_Blue.uasset" 185
"../../../Engine/Content/EngineSky/T_Sky_Clouds_M.uasset" 186
"../../../Engine/Content/EngineSky/T_Sky_Stars.uasset" 187
"../../../Engine/Content/EngineSky/M_Sky_Panning_Clouds2.uasset" 188
"../../../Engine/Content/EngineSky/SM_SkySphere.uasset" 189
"../../../Engine/Content/EngineSky/BP_Sky_Sphere.uasset" 190
"../../../../../../Users/ZHANDEV/Documents/GitHub/Whatever/Content/Maps/Main_BuiltData.uasset" 191
"../../../Engine/Content/MapTemplates/SM_Template_Map_Floor.uasset" 192
"../../../../../../Users/ZHANDEV/Documents/GitHub/Whatever/Content/Maps/Main.umap" 193
"../../../../../../Users/ZHANDEV/Documents/GitHub/Whatever/Content/Blueprints/Widgets/MenuHost.uasset" 194
"../../../../../../Users/ZHANDEV/Documents/GitHub/Whatever/Content/Blueprints/Widgets/MenuServerButton.uasset" 195
"../../../../../../Users/ZHANDEV/Documents/GitHub/Whatever/Content/Blueprints/Widgets/MenuJoin.uasset" 196
"../../../../../../Users/ZHANDEV/Documents/GitHub/Whatever/Content/Blueprints/Widgets/MenuMain.uasset" 197
"../../../../../../Users/ZHANDEV/Documents/GitHub/Whatever/Content/Maps/MainMenu.umap" 198
"../../../../../../Users/ZHANDEV/Documents/GitHub/Whatever/Content/Blueprints/Interfaces/TraceInteractionInterface.uasset" 199
"../../../../../../Users/ZHANDEV/Documents/GitHub/Whatever/Content/Materials/M_BloomPane.uasset" 200
"../../../../../../Users/ZHANDEV/Documents/GitHub/Whatever/Content/Meshes/lj_Box001.uasset" 201
"../../../../../../Users/ZHANDEV/Documents/GitHub/Whatever/Content/Blueprints/Teleport/BP_TraceVisualiser.uasset" 202
"../../../../../../Users/ZHANDEV/Documents/GitHub/Whatever/Content/Blueprints/Components/TraceInteractionComponent.uasset" 203
"../../../Engine/Content/VREditor/Devices/Generic/GenericHMDMaterial.uasset" 204
"../../../Engine/Content/VREditor/Devices/Generic/GenericHMD.uasset" 205
"../../../Engine/Content/Functions/Engine_MaterialFunctions02/Utility/BreakOutFloat3Components.uasset" 206
"../../../Engine/Content/VREditor/Devices/Vive/T_VivePreController_EM.uasset" 207
"../../../Engine/Content/VREditor/Devices/Vive/VivePreController_MasksA.uasset" 208
"../../../Engine/Content/VREditor/Devices/Vive/VivePreController_MasksB.uasset" 209
"../../../Engine/Content/VREditor/Devices/Vive/VivePreControllerDiffuse.uasset" 210
"../../../Engine/Content/VREditor/Devices/Vive/VivePreControllerSpec.uasset" 211
"../../../Engine/Content/VREditor/Devices/Vive/VivePreControllerMaterial.uasset" 212
"../../../Engine/Content/VREditor/Devices/Vive/VivePreControllerMaterial_Inst.uasset" 213
"../../../Engine/Content/VREditor/Devices/Vive/VivePreControllerMesh.uasset" 214
"../../../../../../Users/ZHANDEV/Documents/GitHub/Whatever/Content/Blueprints/vrPawn.uasset" 215
"../../../../../../Users/ZHANDEV/Documents/GitHub/Whatever/Content/Blueprints/BP_GameMode.uasset" 216
"../../../../../../Users/ZHANDEV/Documents/GitHub/Whatever/Content/Materials/TeleportVisualizer.uasset" 217
"../../../Engine/Content/EngineVolumetrics/LightBeam/Materials/T_EV_DustPanner_01.uasset" 218
"../../../Engine/Content/EngineVolumetrics/LightBeam/Materials/T_EV_LightBeam_Falloff_01.uasset" 219
"../../../Engine/Content/EngineVolumetrics/LightBeam/Materials/T_EV_LightBeam_Falloff_02.uasset" 220
"../../../Engine/Content/EngineVolumetrics/LightBeam/Materials/M_EV_Lightbeam_Master_01.uasset" 221
"../../../Engine/Content/EngineVolumetrics/LightBeam/Mesh/S_EV_SimpleLightBeam_02.uasset" 222
"../../../../../../Users/ZHANDEV/Documents/GitHub/Whatever/Content/Blueprints/Teleport/TeleportVisualizer.uasset" 223
"../../../../../../Users/ZHANDEV/Documents/GitHub/Whatever/Content/Blueprints/Teleport/TeleportVolume.uasset" 224
"../../../../../../Users/ZHANDEV/Documents/GitHub/Whatever/Content/Maps/VRMain_BuiltData.uasset" 225
"../../../Engine/Content/VREditor/BasicMeshes/T_CleanFloorGrunge_01_D.uasset" 226
"../../../Engine/Content/VREditor/BasicMeshes/M_Floor_01.uasset" 227
"../../../Engine/Content/VREditor/BasicMeshes/MI_Ball_01.uasset" 228
"../../../Engine/Content/VREditor/BasicMeshes/SM_Ball_01.uasset" 229
"../../../Engine/Content/VREditor/BasicMeshes/MI_Cube_01.uasset" 230
"../../../Engine/Content/VREditor/BasicMeshes/SM_Cube_01.uasset" 231
"../../../Engine/Content/VREditor/BasicMeshes/MI_Cube_02.uasset" 232
"../../../Engine/Content/VREditor/BasicMeshes/SM_Cube_02.uasset" 233
"../../../Engine/Content/VREditor/BasicMeshes/MI_Cube_03.uasset" 234
"../../../Engine/Content/VREditor/BasicMeshes/SM_Cube_03.uasset" 235
"../../../Engine/Content/VREditor/BasicMeshes/MI_Pyramid_01.uasset" 236
"../../../Engine/Content/VREditor/BasicMeshes/SM_Pyramid_01.uasset" 237
"../../../Engine/Content/VREditor/BasicMeshes/SM_Room_01.uasset" 238
"../../../../../../Users/ZHANDEV/Documents/GitHub/Whatever/Content/Maps/VRMain.umap" 239
"../../../Engine/Content/BasicShapes/Cone.uasset" 240
"../../../../../../Users/ZHANDEV/Documents/GitHub/Whatever/Content/Blueprints/Potion.uasset" 241
"../../../../../../Users/ZHANDEV/Documents/GitHub/Whatever/Content/PolygonCity/Maps/Demonstration_BuiltData.uasset" 242
"../../../../../../Users/ZHANDEV/Documents/GitHub/Whatever/Content/PolygonCity/Materials/Mat_PolygonCity_Glass_Windows.uasset" 243
"../../../../../../Users/ZHANDEV/Documents/GitHub/Whatever/Content/PolygonCity/Textures/T_PolygonCity_Texture_01_B.uasset" 244
"../../../../../../Users/ZHANDEV/Documents/GitHub/Whatever/Content/PolygonCity/Materials/Mat_PolygonCity_Texture_01_B.uasset" 245
"../../../../../../Users/ZHANDEV/Documents/GitHub/Whatever/Content/PolygonCity/Textures/T_PolygonCity_Texture_01_C.uasset" 246
"../../../../../../Users/ZHANDEV/Documents/GitHub/Whatever/Content/PolygonCity/Materials/Mat_PolygonCity_Texture_01_C.uasset" 247
"../../../../../../Users/ZHANDEV/Documents/GitHub/Whatever/Content/PolygonCity/Textures/T_PolygonCity_Texture_02_A.uasset" 248
"../../../../../../Users/ZHANDEV/Documents/GitHub/Whatever/Content/PolygonCity/Materials/Mat_PolygonCity_Texture_02_A.uasset" 249
"../../../../../../Users/ZHANDEV/Documents/GitHub/Whatever/Content/PolygonCity/Materials/Mat_PolygonCity_Texture_02_A_Emissive.uasset" 250
"../../../../../../Users/ZHANDEV/Documents/GitHub/Whatever/Content/PolygonCity/Textures/T_PolygonCity_Texture_02_B.uasset" 251
"../../../../../../Users/ZHANDEV/Documents/GitHub/Whatever/Content/PolygonCity/Materials/Mat_PolygonCity_Texture_02_B.uasset" 252
"../../../../../../Users/ZHANDEV/Documents/GitHub/Whatever/Content/PolygonCity/Textures/T_PolygonCity_Texture_02_C.uasset" 253
"../../../../../../Users/ZHANDEV/Documents/GitHub/Whatever/Content/PolygonCity/Materials/Mat_PolygonCity_Texture_02_C.uasset" 254
"../../../../../../Users/ZHANDEV/Documents/GitHub/Whatever/Content/PolygonCity/Textures/T_PolygonCity_Texture_03_A.uasset" 255
"../../../../../../Users/ZHANDEV/Documents/GitHub/Whatever/Content/PolygonCity/Materials/Mat_PolygonCity_Texture_03_A.uasset" 256
"../../../../../../Users/ZHANDEV/Documents/GitHub/Whatever/Content/PolygonCity/Textures/T_PolygonCity_Texture_03_B.uasset" 257
"../../../../../../Users/ZHANDEV/Documents/GitHub/Whatever/Content/PolygonCity/Materials/Mat_PolygonCity_Texture_03_B.uasset" 258
"../../../../../../Users/ZHANDEV/Documents/GitHub/Whatever/Content/PolygonCity/Textures/T_PolygonCity_Texture_03_C.uasset" 259
"../../../../../../Users/ZHANDEV/Documents/GitHub/Whatever/Content/PolygonCity/Materials/Mat_PolygonCity_Texture_03_C.uasset" 260
"../../../../../../Users/ZHANDEV/Documents/GitHub/Whatever/Content/PolygonCity/Textures/T_PolygonCity_Texture_04_A.uasset" 261
"../../../../../../Users/ZHANDEV/Documents/GitHub/Whatever/Content/PolygonCity/Materials/Mat_PolygonCity_Texture_04_A.uasset" 262
"../../../../../../Users/ZHANDEV/Documents/GitHub/Whatever/Content/PolygonCity/Materials/Mat_PolygonCity_Texture_04_A_Emissive.uasset" 263
"../../../../../../Users/ZHANDEV/Documents/GitHub/Whatever/Content/PolygonCity/Textures/T_PolygonCity_Texture_04_B.uasset" 264
"../../../../../../Users/ZHANDEV/Documents/GitHub/Whatever/Content/PolygonCity/Materials/Mat_PolygonCity_Texture_04_B.uasset" 265
"../../../../../../Users/ZHANDEV/Documents/GitHub/Whatever/Content/PolygonCity/Textures/T_PolygonCity_Road_01.uasset" 266
"../../../../../../Users/ZHANDEV/Documents/GitHub/Whatever/Content/PolygonCity/Materials/Mat_PolygonCity_Texture_Road_01.uasset" 267
"../../../Engine/Content/Functions/Engine_MaterialFunctions01/WorldPositionOffset/SimpleGrassWind.uasset" 268
"../../../../../../Users/ZHANDEV/Documents/GitHub/Whatever/Content/PolygonCity/Materials/Mat_PolygonCity_Water.uasset" 269
"../../../../../../Users/ZHANDEV/Documents/GitHub/Whatever/Content/PolygonCity/Materials/Mat_PolygonCity_FX_Steam.uasset" 270
"../../../../../../Users/ZHANDEV/Documents/GitHub/Whatever/Content/PolygonCity/FX/P_FX_Steam.uasset" 271
"../../../../../../Users/ZHANDEV/Documents/GitHub/Whatever/Content/PolygonCity/Meshes/Buildings/SM_Bld_Apartment_01.uasset" 272
"../../../../../../Users/ZHANDEV/Documents/GitHub/Whatever/Content/PolygonCity/Meshes/Buildings/SM_Bld_Apartment_02.uasset" 273
"../../../../../../Users/ZHANDEV/Documents/GitHub/Whatever/Content/PolygonCity/Meshes/Buildings/SM_Bld_Apartment_03.uasset" 274
"../../../../../../Users/ZHANDEV/Documents/GitHub/Whatever/Content/PolygonCity/Meshes/Buildings/SM_Bld_Apartment_Corner_01.uasset" 275
"../../../../../../Users/ZHANDEV/Documents/GitHub/Whatever/Content/PolygonCity/Meshes/Buildings/SM_Bld_Apartment_Corner_02.uasset" 276
"../../../../../../Users/ZHANDEV/Documents/GitHub/Whatever/Content/PolygonCity/Meshes/Buildings/SM_Bld_Apartment_Corner_03.uasset" 277
"../../../../../../Users/ZHANDEV/Documents/GitHub/Whatever/Content/PolygonCity/Meshes/Buildings/SM_Bld_Apartment_Door_01.uasset" 278
"../../../../../../Users/ZHANDEV/Documents/GitHub/Whatever/Content/PolygonCity/Meshes/Buildings/SM_Bld_Apartment_Door_02.uasset" 279
"../../../../../../Users/ZHANDEV/Documents/GitHub/Whatever/Content/PolygonCity/Meshes/Buildings/SM_Bld_Apartment_Door_Corner_01.uasset" 280
"../../../../../../Users/ZHANDEV/Documents/GitHub/Whatever/Content/PolygonCity/Meshes/Buildings/SM_Bld_Apartment_Door_Corner_02.uasset" 281
"../../../../../../Users/ZHANDEV/Documents/GitHub/Whatever/Content/PolygonCity/Meshes/Buildings/SM_Bld_Apartment_Roof_01.uasset" 282
"../../../../../../Users/ZHANDEV/Documents/GitHub/Whatever/Content/PolygonCity/Meshes/Buildings/SM_Bld_Apartment_Roof_02.uasset" 283
"../../../../../../Users/ZHANDEV/Documents/GitHub/Whatever/Content/PolygonCity/Meshes/Buildings/SM_Bld_Apartment_Roof_03.uasset" 284
"../../../../../../Users/ZHANDEV/Documents/GitHub/Whatever/Content/PolygonCity/Meshes/Buildings/SM_Bld_Apartment_Roof_Corner_01.uasset" 285
"../../../../../../Users/ZHANDEV/Documents/GitHub/Whatever/Content/PolygonCity/Meshes/Buildings/SM_Bld_Apartment_Roof_Corner_02.uasset" 286
"../../../../../../Users/ZHANDEV/Documents/GitHub/Whatever/Content/PolygonCity/Meshes/Buildings/SM_Bld_Apartment_Roof_Corner_03.uasset" 287
"../../../../../../Users/ZHANDEV/Documents/GitHub/Whatever/Content/PolygonCity/Meshes/Buildings/SM_Bld_Apartment_Stack_01.uasset" 288
"../../../../../../Users/ZHANDEV/Documents/GitHub/Whatever/Content/PolygonCity/Meshes/Buildings/SM_Bld_Apartment_Stack_02.uasset" 289
"../../../../../../Users/ZHANDEV/Documents/GitHub/Whatever/Content/PolygonCity/Meshes/Buildings/SM_Bld_Apartment_Stack_03.uasset" 290
"../../../../../../Users/ZHANDEV/Documents/GitHub/Whatever/Content/PolygonCity/Meshes/Buildings/SM_Bld_Apartment_Stairs_01.uasset" 291
"../../../../../../Users/ZHANDEV/Documents/GitHub/Whatever/Content/PolygonCity/Meshes/Buildings/SM_Bld_Apartment_Stairs_02.uasset" 292
"../../../../../../Users/ZHANDEV/Documents/GitHub/Whatever/Content/PolygonCity/Meshes/Buildings/SM_Bld_Apartment_Stairs_03.uasset" 293
"../../../../../../Users/ZHANDEV/Documents/GitHub/Whatever/Content/PolygonCity/Meshes/Buildings/SM_Bld_Apartment_Stairs_Corner_01.uasset" 294
"../../../../../../Users/ZHANDEV/Documents/GitHub/Whatever/Content/PolygonCity/Meshes/Buildings/SM_Bld_Apartment_Stairs_Planter_01.uasset" 295
"../../../../../../Users/ZHANDEV/Documents/GitHub/Whatever/Content/PolygonCity/Meshes/Buildings/SM_Bld_Apartment_Stairs_Planter_02.uasset" 296
"../../../../../../Users/ZHANDEV/Documents/GitHub/Whatever/Content/PolygonCity/Meshes/Buildings/SM_Bld_CityHall_01.uasset" 297
"../../../../../../Users/ZHANDEV/Documents/GitHub/Whatever/Content/PolygonCity/Meshes/Buildings/SM_Bld_Cover_01.uasset" 298
"../../../../../../Users/ZHANDEV/Documents/GitHub/Whatever/Content/PolygonCity/Meshes/Buildings/SM_Bld_Cover_02.uasset" 299
"../../../../../../Users/ZHANDEV/Documents/GitHub/Whatever/Content/PolygonCity/Meshes/Buildings/SM_Bld_FireEscape_01.uasset" 300
"../../../../../../Users/ZHANDEV/Documents/GitHub/Whatever/Content/PolygonCity/Meshes/Buildings/SM_Bld_FireEscape_02.uasset" 301
"../../../../../../Users/ZHANDEV/Documents/GitHub/Whatever/Content/PolygonCity/Meshes/Buildings/SM_Bld_FireEscape_03.uasset" 302
"../../../../../../Users/ZHANDEV/Documents/GitHub/Whatever/Content/PolygonCity/Meshes/Buildings/SM_Bld_OfficeOctagon_Base_01.uasset" 303
"../../../../../../Users/ZHANDEV/Documents/GitHub/Whatever/Content/PolygonCity/Meshes/Buildings/SM_Bld_OfficeOctagon_Base_01_Glass.uasset" 304
"../../../../../../Users/ZHANDEV/Documents/GitHub/Whatever/Content/PolygonCity/Meshes/Buildings/SM_Bld_OfficeOctagon_Floor_01.uasset" 305
"../../../../../../Users/ZHANDEV/Documents/GitHub/Whatever/Content/PolygonCity/Meshes/Buildings/SM_Bld_OfficeOctagon_Roof_01.uasset" 306
"../../../../../../Users/ZHANDEV/Documents/GitHub/Whatever/Content/PolygonCity/Meshes/Buildings/SM_Bld_OfficeOld_Large_01.uasset" 307
"../../../../../../Users/ZHANDEV/Documents/GitHub/Whatever/Content/PolygonCity/Meshes/Buildings/SM_Bld_OfficeOld_Large_02.uasset" 308
"../../../../../../Users/ZHANDEV/Documents/GitHub/Whatever/Content/PolygonCity/Meshes/Buildings/SM_Bld_OfficeOld_Large_Base_01.uasset" 309
"../../../../../../Users/ZHANDEV/Documents/GitHub/Whatever/Content/PolygonCity/Meshes/Buildings/SM_Bld_OfficeOld_Large_Floor_01.uasset" 310
"../../../../../../Users/ZHANDEV/Documents/GitHub/Whatever/Content/PolygonCity/Meshes/Buildings/SM_Bld_OfficeOld_Large_Roof_01.uasset" 311
"../../../../../../Users/ZHANDEV/Documents/GitHub/Whatever/Content/PolygonCity/Meshes/Buildings/SM_Bld_OfficeOld_Small_01.uasset" 312
"../../../../../../Users/ZHANDEV/Documents/GitHub/Whatever/Content/PolygonCity/Meshes/Buildings/SM_Bld_OfficeOld_Small_Base_01.uasset" 313
"../../../../../../Users/ZHANDEV/Documents/GitHub/Whatever/Content/PolygonCity/Meshes/Buildings/SM_Bld_OfficeOld_Small_Floor_01.uasset" 314
"../../../../../../Users/ZHANDEV/Documents/GitHub/Whatever/Content/PolygonCity/Meshes/Buildings/SM_Bld_OfficeOld_Small_Roof_01.uasset" 315
"../../../../../../Users/ZHANDEV/Documents/GitHub/Whatever/Content/PolygonCity/Meshes/Buildings/SM_Bld_OfficeRound_02.uasset" 316
"../../../../../../Users/ZHANDEV/Documents/GitHub/Whatever/Content/PolygonCity/Meshes/Buildings/SM_Bld_OfficeRound_Base_01.uasset" 317
"../../../../../../Users/ZHANDEV/Documents/GitHub/Whatever/Content/PolygonCity/Meshes/Buildings/SM_Bld_OfficeRound_Base_01_Glass.uasset" 318
"../../../../../../Users/ZHANDEV/Documents/GitHub/Whatever/Content/PolygonCity/Meshes/Buildings/SM_Bld_OfficeRound_Roof_01.uasset" 319
"../../../../../../Users/ZHANDEV/Documents/GitHub/Whatever/Content/PolygonCity/Meshes/Buildings/SM_Bld_OfficeSquare_01.uasset" 320
"../../../../../../Users/ZHANDEV/Documents/GitHub/Whatever/Content/PolygonCity/Meshes/Buildings/SM_Bld_OfficeSquare_02.uasset" 321
"../../../../../../Users/ZHANDEV/Documents/GitHub/Whatever/Content/PolygonCity/Meshes/Buildings/SM_Bld_OfficeSquare_Base_01.uasset" 322
"../../../../../../Users/ZHANDEV/Documents/GitHub/Whatever/Content/PolygonCity/Meshes/Buildings/SM_Bld_OfficeSquare_Base_01_Glass.uasset" 323
"../../../../../../Users/ZHANDEV/Documents/GitHub/Whatever/Content/PolygonCity/Meshes/Buildings/SM_Bld_OfficeSquare_Roof_01.uasset" 324
"../../../../../../Users/ZHANDEV/Documents/GitHub/Whatever/Content/PolygonCity/Meshes/Buildings/SM_Bld_Roof_Access_01.uasset" 325
"../../../../../../Users/ZHANDEV/Documents/GitHub/Whatever/Content/PolygonCity/Meshes/Buildings/SM_Bld_Shop_01.uasset" 326
"../../../../../../Users/ZHANDEV/Documents/GitHub/Whatever/Content/PolygonCity/Meshes/Buildings/SM_Bld_Shop_01_Glass.uasset" 327
"../../../../../../Users/ZHANDEV/Documents/GitHub/Whatever/Content/PolygonCity/Meshes/Buildings/SM_Bld_Shop_02.uasset" 328
"../../../../../../Users/ZHANDEV/Documents/GitHub/Whatever/Content/PolygonCity/Meshes/Buildings/SM_Bld_Shop_02_Glass.uasset" 329
"../../../../../../Users/ZHANDEV/Documents/GitHub/Whatever/Content/PolygonCity/Meshes/Buildings/SM_Bld_Shop_03.uasset" 330
"../../../../../../Users/ZHANDEV/Documents/GitHub/Whatever/Content/PolygonCity/Meshes/Buildings/SM_Bld_Shop_03_Glass.uasset" 331
"../../../../../../Users/ZHANDEV/Documents/GitHub/Whatever/Content/PolygonCity/Meshes/Buildings/SM_Bld_Shop_04.uasset" 332
"../../../../../../Users/ZHANDEV/Documents/GitHub/Whatever/Content/PolygonCity/Meshes/Buildings/SM_Bld_Shop_04_Glass.uasset" 333
"../../../../../../Users/ZHANDEV/Documents/GitHub/Whatever/Content/PolygonCity/Meshes/Buildings/SM_Bld_Shop_05.uasset" 334
"../../../../../../Users/ZHANDEV/Documents/GitHub/Whatever/Content/PolygonCity/Meshes/Buildings/SM_Bld_Shop_05_Glass.uasset" 335
"../../../../../../Users/ZHANDEV/Documents/GitHub/Whatever/Content/PolygonCity/Meshes/Buildings/SM_Bld_Shop_06.uasset" 336
"../../../../../../Users/ZHANDEV/Documents/GitHub/Whatever/Content/PolygonCity/Meshes/Buildings/SM_Bld_Shop_Corner_01.uasset" 337
"../../../../../../Users/ZHANDEV/Documents/GitHub/Whatever/Content/PolygonCity/Meshes/Buildings/SM_Bld_Shop_Corner_01_Glass.uasset" 338
"../../../../../../Users/ZHANDEV/Documents/GitHub/Whatever/Content/PolygonCity/Meshes/Buildings/SM_Bld_Shop_Corner_02.uasset" 339
"../../../../../../Users/ZHANDEV/Documents/GitHub/Whatever/Content/PolygonCity/Meshes/Buildings/SM_Bld_Shop_Corner_02_Glass.uasset" 340
"../../../../../../Users/ZHANDEV/Documents/GitHub/Whatever/Content/PolygonCity/Meshes/Buildings/SM_Bld_Shop_Cover_04.uasset" 341
"../../../../../../Users/ZHANDEV/Documents/GitHub/Whatever/Content/PolygonCity/Meshes/Buildings/SM_Bld_Shop_Cover_05.uasset" 342
"../../../../../../Users/ZHANDEV/Documents/GitHub/Whatever/Content/PolygonCity/Meshes/Buildings/SM_Bld_Station_01.uasset" 343
"../../../../../../Users/ZHANDEV/Documents/GitHub/Whatever/Content/PolygonCity/Meshes/Buildings/SM_Bld_Station_02.uasset" 344
"../../../../../../Users/ZHANDEV/Documents/GitHub/Whatever/Content/PolygonCity/Meshes/Buildings/SM_Bld_Station_03.uasset" 345
"../../../../../../Users/ZHANDEV/Documents/GitHub/Whatever/Content/PolygonCity/Meshes/Environments/SM_Env_Bridge_Edge_01.uasset" 346
"../../../../../../Users/ZHANDEV/Documents/GitHub/Whatever/Content/PolygonCity/Meshes/Environments/SM_Env_Bridge_Pillar_01.uasset" 347
"../../../../../../Users/ZHANDEV/Documents/GitHub/Whatever/Content/PolygonCity/Meshes/Environments/SM_Env_Bridge_Support_01.uasset" 348
"../../../../../../Users/ZHANDEV/Documents/GitHub/Whatever/Content/PolygonCity/Meshes/Environments/SM_Env_Bridge_Underside_01.uasset" 349
"../../../../../../Users/ZHANDEV/Documents/GitHub/Whatever/Content/PolygonCity/Meshes/Environments/SM_Env_Bridge_Wall_01.uasset" 350
"../../../../../../Users/ZHANDEV/Documents/GitHub/Whatever/Content/PolygonCity/Meshes/Environments/SM_Env_Fence_01.uasset" 351
"../../../../../../Users/ZHANDEV/Documents/GitHub/Whatever/Content/PolygonCity/Meshes/Environments/SM_Env_Fence_End_01.uasset" 352
"../../../../../../Users/ZHANDEV/Documents/GitHub/Whatever/Content/PolygonCity/Meshes/Environments/SM_Env_Flower_01.uasset" 353
"../../../../../../Users/ZHANDEV/Documents/GitHub/Whatever/Content/PolygonCity/Meshes/Environments/SM_Env_Grass_01.uasset" 354
"../../../../../../Users/ZHANDEV/Documents/GitHub/Whatever/Content/PolygonCity/Meshes/Environments/SM_Env_GrassPath_Corner_01.uasset" 355
"../../../../../../Users/ZHANDEV/Documents/GitHub/Whatever/Content/PolygonCity/Meshes/Environments/SM_Env_GrassPath_Straight_01.uasset" 356
"../../../../../../Users/ZHANDEV/Documents/GitHub/Whatever/Content/PolygonCity/Meshes/Environments/SM_Env_GrassPath_T_01.uasset" 357
"../../../../../../Users/ZHANDEV/Documents/GitHub/Whatever/Content/PolygonCity/Meshes/Environments/SM_Env_Road_02.uasset" 358
"../../../../../../Users/ZHANDEV/Documents/GitHub/Whatever/Content/PolygonCity/Meshes/Environments/SM_Env_Road_03.uasset" 359
"../../../../../../Users/ZHANDEV/Documents/GitHub/Whatever/Content/PolygonCity/Meshes/Environments/SM_Env_Road_Arrow_01.uasset" 360
"../../../../../../Users/ZHANDEV/Documents/GitHub/Whatever/Content/PolygonCity/Meshes/Environments/SM_Env_Road_Arrow_02.uasset" 361
"../../../../../../Users/ZHANDEV/Documents/GitHub/Whatever/Content/PolygonCity/Meshes/Environments/SM_Env_Road_Bare_01.uasset" 362
"../../../../../../Users/ZHANDEV/Documents/GitHub/Whatever/Content/PolygonCity/Meshes/Environments/SM_Env_Road_Crossing_01.uasset" 363
"../../../../../../Users/ZHANDEV/Documents/GitHub/Whatever/Content/PolygonCity/Meshes/Environments/SM_Env_Road_Lines_01.uasset" 364
"../../../../../../Users/ZHANDEV/Documents/GitHub/Whatever/Content/PolygonCity/Meshes/Environments/SM_Env_Road_Lines_02.uasset" 365
"../../../../../../Users/ZHANDEV/Documents/GitHub/Whatever/Content/PolygonCity/Meshes/Environments/SM_Env_Road_ParkingLines_01.uasset" 366
"../../../../../../Users/ZHANDEV/Documents/GitHub/Whatever/Content/PolygonCity/Meshes/Environments/SM_Env_Road_YellowLines_01.uasset" 367
"../../../../../../Users/ZHANDEV/Documents/GitHub/Whatever/Content/PolygonCity/Meshes/Environments/SM_Env_Road_YellowLines_02.uasset" 368
"../../../../../../Users/ZHANDEV/Documents/GitHub/Whatever/Content/PolygonCity/Meshes/Environments/SM_Env_Sidewalk_01.uasset" 369
"../../../../../../Users/ZHANDEV/Documents/GitHub/Whatever/Content/PolygonCity/Meshes/Environments/SM_Env_Sidewalk_Construction_01.uasset" 370
"../../../../../../Users/ZHANDEV/Documents/GitHub/Whatever/Content/PolygonCity/Meshes/Environments/SM_Env_Sidewalk_Corner_01.uasset" 371
"../../../../../../Users/ZHANDEV/Documents/GitHub/Whatever/Content/PolygonCity/Meshes/Environments/SM_Env_Sidewalk_Corner_02.uasset" 372
"../../../../../../Users/ZHANDEV/Documents/GitHub/Whatever/Content/PolygonCity/Meshes/Environments/SM_Env_Sidewalk_Dip_01.uasset" 373
"../../../../../../Users/ZHANDEV/Documents/GitHub/Whatever/Content/PolygonCity/Meshes/Environments/SM_Env_Sidewalk_Dip_Corner_01.uasset" 374
"../../../../../../Users/ZHANDEV/Documents/GitHub/Whatever/Content/PolygonCity/Meshes/Environments/SM_Env_Sidewalk_Grate_01.uasset" 375
"../../../../../../Users/ZHANDEV/Documents/GitHub/Whatever/Content/PolygonCity/Meshes/Environments/SM_Env_Sidewalk_Grate_02.uasset" 376
"../../../../../../Users/ZHANDEV/Documents/GitHub/Whatever/Content/PolygonCity/Meshes/Environments/SM_Env_Sidewalk_Gutter_01.uasset" 377
"../../../../../../Users/ZHANDEV/Documents/GitHub/Whatever/Content/PolygonCity/Meshes/Environments/SM_Env_Sidewalk_Merger_01.uasset" 378
"../../../../../../Users/ZHANDEV/Documents/GitHub/Whatever/Content/PolygonCity/Meshes/Environments/SM_Env_Sidewalk_Panel_01.uasset" 379
"../../../../../../Users/ZHANDEV/Documents/GitHub/Whatever/Content/PolygonCity/Meshes/Environments/SM_Env_Sidewalk_Panel_02.uasset" 380
"../../../../../../Users/ZHANDEV/Documents/GitHub/Whatever/Content/PolygonCity/Meshes/Environments/SM_Env_Sidewalk_Straight_01.uasset" 381
"../../../../../../Users/ZHANDEV/Documents/GitHub/Whatever/Content/PolygonCity/Textures/T_PolygonCity_Texture_Skyline.uasset" 382
"../../../../../../Users/ZHANDEV/Documents/GitHub/Whatever/Content/PolygonCity/Materials/Mat_PolygonCity_Skyline.uasset" 383
"../../../../../../Users/ZHANDEV/Documents/GitHub/Whatever/Content/PolygonCity/Meshes/Environments/SM_Env_Skyline_01.uasset" 384
"../../../../../../Users/ZHANDEV/Documents/GitHub/Whatever/Content/PolygonCity/Meshes/Environments/SM_Env_Skyline_02.uasset" 385
"../../../../../../Users/ZHANDEV/Documents/GitHub/Whatever/Content/PolygonCity/Meshes/Environments/SM_Env_Skyline_03.uasset" 386
"../../../../../../Users/ZHANDEV/Documents/GitHub/Whatever/Content/PolygonCity/Meshes/Environments/SM_Env_Skyline_04.uasset" 387
"../../../../../../Users/ZHANDEV/Documents/GitHub/Whatever/Content/PolygonCity/Meshes/Environments/SM_Env_Street_Divider_01.uasset" 388
"../../../../../../Users/ZHANDEV/Documents/GitHub/Whatever/Content/PolygonCity/Meshes/Environments/SM_Env_Street_Divider_02.uasset" 389
"../../../../../../Users/ZHANDEV/Documents/GitHub/Whatever/Content/PolygonCity/Meshes/Environments/SM_Env_SubwayEntrance_01.uasset" 390
"../../../../../../Users/ZHANDEV/Documents/GitHub/Whatever/Content/PolygonCity/Meshes/Environments/SM_Env_SubwayEntrance_01_Glass.uasset" 391
"../../../../../../Users/ZHANDEV/Documents/GitHub/Whatever/Content/PolygonCity/Meshes/Environments/SM_Env_SubwayEntrance_02.uasset" 392
"../../../../../../Users/ZHANDEV/Documents/GitHub/Whatever/Content/PolygonCity/Meshes/Environments/SM_Env_Tree_01.uasset" 393
"../../../../../../Users/ZHANDEV/Documents/GitHub/Whatever/Content/PolygonCity/Meshes/Environments/SM_Env_Tree_02.uasset" 394
"../../../../../../Users/ZHANDEV/Documents/GitHub/Whatever/Content/PolygonCity/Meshes/Environments/SM_Env_Tree_03.uasset" 395
"../../../../../../Users/ZHANDEV/Documents/GitHub/Whatever/Content/PolygonCity/Meshes/Environments/SM_Env_Unreal_Water.uasset" 396
"../../../../../../Users/ZHANDEV/Documents/GitHub/Whatever/Content/PolygonCity/Meshes/Environments/SM_Env_WaterEdge_Corner_01.uasset" 397
"../../../../../../Users/ZHANDEV/Documents/GitHub/Whatever/Content/PolygonCity/Meshes/Environments/SM_Env_WaterEdge_Corner_02.uasset" 398
"../../../../../../Users/ZHANDEV/Documents/GitHub/Whatever/Content/PolygonCity/Meshes/Environments/SM_Env_WaterEdge_Pipe_01.uasset" 399
"../../../../../../Users/ZHANDEV/Documents/GitHub/Whatever/Content/PolygonCity/Meshes/Environments/SM_Env_WaterEdge_Rock_01.uasset" 400
"../../../../../../Users/ZHANDEV/Documents/GitHub/Whatever/Content/PolygonCity/Meshes/Environments/SM_Env_WaterEdge_Straight_01.uasset" 401
"../../../../../../Users/ZHANDEV/Documents/GitHub/Whatever/Content/PolygonCity/Meshes/Environments/SM_Env_WaterEdge_Straight_02.uasset" 402
"../../../../../../Users/ZHANDEV/Documents/GitHub/Whatever/Content/PolygonCity/Meshes/Environments/SM_Env_WaterEdge_Straight_03.uasset" 403
"../../../../../../Users/ZHANDEV/Documents/GitHub/Whatever/Content/PolygonCity/Meshes/Props/SM_Prop_Aircon_01.uasset" 404
"../../../../../../Users/ZHANDEV/Documents/GitHub/Whatever/Content/PolygonCity/Meshes/Props/SM_Prop_ATM_01.uasset" 405
"../../../../../../Users/ZHANDEV/Documents/GitHub/Whatever/Content/PolygonCity/Meshes/Props/SM_Prop_Barrier_01.uasset" 406
"../../../../../../Users/ZHANDEV/Documents/GitHub/Whatever/Content/PolygonCity/Meshes/Props/SM_Prop_Billboard_01.uasset" 407
"../../../../../../Users/ZHANDEV/Documents/GitHub/Whatever/Content/PolygonCity/Meshes/Props/SM_Prop_Billboard_Pole_01.uasset" 408
"../../../../../../Users/ZHANDEV/Documents/GitHub/Whatever/Content/PolygonCity/Meshes/Props/SM_Prop_Billboard_Roof_01.uasset" 409
"../../../../../../Users/ZHANDEV/Documents/GitHub/Whatever/Content/PolygonCity/Textures/T_PolygonCity_BillboardAds.uasset" 410
"../../../../../../Users/ZHANDEV/Documents/GitHub/Whatever/Content/PolygonCity/Materials/Mat_PolygonCity_Billboard.uasset" 411
"../../../../../../Users/ZHANDEV/Documents/GitHub/Whatever/Content/PolygonCity/Meshes/Props/SM_Prop_Billboard_Sign_01.uasset" 412
"../../../../../../Users/ZHANDEV/Documents/GitHub/Whatever/Content/PolygonCity/Meshes/Props/SM_Prop_Billboard_Sign_02.uasset" 413
"../../../../../../Users/ZHANDEV/Documents/GitHub/Whatever/Content/PolygonCity/Meshes/Props/SM_Prop_Billboard_Sign_03.uasset" 414
"../../../../../../Users/ZHANDEV/Documents/GitHub/Whatever/Content/PolygonCity/Meshes/Props/SM_Prop_Billboard_Sign_04.uasset" 415
"../../../../../../Users/ZHANDEV/Documents/GitHub/Whatever/Content/PolygonCity/Meshes/Props/SM_Prop_Billboard_Sign_05.uasset" 416
"../../../../../../Users/ZHANDEV/Documents/GitHub/Whatever/Content/PolygonCity/Meshes/Props/SM_Prop_Billboard_Sign_06.uasset" 417
"../../../../../../Users/ZHANDEV/Documents/GitHub/Whatever/Content/PolygonCity/Meshes/Props/SM_Prop_Billboard_Sign_07.uasset" 418
"../../../../../../Users/ZHANDEV/Documents/GitHub/Whatever/Content/PolygonCity/Meshes/Props/SM_Prop_BusStop_01.uasset" 419
"../../../../../../Users/ZHANDEV/Documents/GitHub/Whatever/Content/PolygonCity/Meshes/Props/SM_Prop_CarboardBox_01.uasset" 420
"../../../../../../Users/ZHANDEV/Documents/GitHub/Whatever/Content/PolygonCity/Meshes/Props/SM_Prop_CarboardBox_03.uasset" 421
"../../../../../../Users/ZHANDEV/Documents/GitHub/Whatever/Content/PolygonCity/Meshes/Props/SM_Prop_CarboardBox_04.uasset" 422
"../../../../../../Users/ZHANDEV/Documents/GitHub/Whatever/Content/PolygonCity/Meshes/Props/SM_Prop_Cone_01.uasset" 423
"../../../../../../Users/ZHANDEV/Documents/GitHub/Whatever/Content/PolygonCity/Meshes/Props/SM_Prop_Couch_01.uasset" 424
"../../../../../../Users/ZHANDEV/Documents/GitHub/Whatever/Content/PolygonCity/Meshes/Props/SM_Prop_HotdogStand_01.uasset" 425
"../../../../../../Users/ZHANDEV/Documents/GitHub/Whatever/Content/PolygonCity/Meshes/Props/SM_Prop_Hydrant_01.uasset" 426
"../../../../../../Users/ZHANDEV/Documents/GitHub/Whatever/Content/PolygonCity/Meshes/Props/SM_Prop_LargeSign_Bottle_01.uasset" 427
"../../../../../../Users/ZHANDEV/Documents/GitHub/Whatever/Content/PolygonCity/Meshes/Props/SM_Prop_LargeSign_BowlingBall_01.uasset" 428
"../../../../../../Users/ZHANDEV/Documents/GitHub/Whatever/Content/PolygonCity/Meshes/Props/SM_Prop_LargeSign_BowlingPin_01.uasset" 429
"../../../../../../Users/ZHANDEV/Documents/GitHub/Whatever/Content/PolygonCity/Meshes/Props/SM_Prop_LargeSign_Burger_01.uasset" 430
"../../../../../../Users/ZHANDEV/Documents/GitHub/Whatever/Content/PolygonCity/Meshes/Props/SM_Prop_LargeSign_Coffee_01.uasset" 431
"../../../../../../Users/ZHANDEV/Documents/GitHub/Whatever/Content/PolygonCity/Meshes/Props/SM_Prop_LargeSign_Guitar_01.uasset" 432
"../../../../../../Users/ZHANDEV/Documents/GitHub/Whatever/Content/PolygonCity/Meshes/Props/SM_Prop_LargeSign_Hotdog_01.uasset" 433
"../../../../../../Users/ZHANDEV/Documents/GitHub/Whatever/Content/PolygonCity/Meshes/Props/SM_Prop_LargeSign_Lollypop_01.uasset" 434
"../../../../../../Users/ZHANDEV/Documents/GitHub/Whatever/Content/PolygonCity/Meshes/Props/SM_Prop_LargeSign_Milkshake_01.uasset" 435
"../../../../../../Users/ZHANDEV/Documents/GitHub/Whatever/Content/PolygonCity/Meshes/Props/SM_Prop_LargeSign_Noodles_01.uasset" 436
"../../../../../../Users/ZHANDEV/Documents/GitHub/Whatever/Content/PolygonCity/Meshes/Props/SM_Prop_LargeSign_Pizza_01.uasset" 437
"../../../../../../Users/ZHANDEV/Documents/GitHub/Whatever/Content/PolygonCity/Meshes/Props/SM_Prop_LargeSign_Popcorn_01.uasset" 438
"../../../../../../Users/ZHANDEV/Documents/GitHub/Whatever/Content/PolygonCity/Meshes/Props/SM_Prop_LargeSign_Taco_01.uasset" 439
"../../../../../../Users/ZHANDEV/Documents/GitHub/Whatever/Content/PolygonCity/Meshes/Props/SM_Prop_LightPole_Arm_01.uasset" 440
"../../../../../../Users/ZHANDEV/Documents/GitHub/Whatever/Content/PolygonCity/Meshes/Props/SM_Prop_LightPole_Base_01.uasset" 441
"../../../../../../Users/ZHANDEV/Documents/GitHub/Whatever/Content/PolygonCity/Meshes/Props/SM_Prop_LightPole_Base_02.uasset" 442
"../../../../../../Users/ZHANDEV/Documents/GitHub/Whatever/Content/PolygonCity/Meshes/Props/SM_Prop_LightPole_Box_01.uasset" 443
"../../../../../../Users/ZHANDEV/Documents/GitHub/Whatever/Content/PolygonCity/Meshes/Props/SM_Prop_LightPole_CrossButton_01.uasset" 444
"../../../../../../Users/ZHANDEV/Documents/GitHub/Whatever/Content/PolygonCity/Meshes/Props/SM_Prop_LightPole_CrossLights_01.uasset" 445
"../../../../../../Users/ZHANDEV/Documents/GitHub/Whatever/Content/PolygonCity/Meshes/Props/SM_Prop_LightPole_Lights_01.uasset" 446
"../../../../../../Users/ZHANDEV/Documents/GitHub/Whatever/Content/PolygonCity/Meshes/Props/SM_Prop_LightPole_Lights_02.uasset" 447
"../../../../../../Users/ZHANDEV/Documents/GitHub/Whatever/Content/PolygonCity/Meshes/Props/SM_Prop_Mailbox_01.uasset" 448
"../../../../../../Users/ZHANDEV/Documents/GitHub/Whatever/Content/PolygonCity/Meshes/Props/SM_Prop_Manhole_01.uasset" 449
"../../../../../../Users/ZHANDEV/Documents/GitHub/Whatever/Content/PolygonCity/Meshes/Props/SM_Prop_Manhole_02.uasset" 450
"../../../../../../Users/ZHANDEV/Documents/GitHub/Whatever/Content/PolygonCity/Meshes/Props/SM_Prop_Newspaper_02.uasset" 451
"../../../../../../Users/ZHANDEV/Documents/GitHub/Whatever/Content/PolygonCity/Meshes/Props/SM_Prop_ParkBench_01.uasset" 452
"../../../../../../Users/ZHANDEV/Documents/GitHub/Whatever/Content/PolygonCity/Meshes/Props/SM_Prop_ParkingMeter_01.uasset" 453
"../../../../../../Users/ZHANDEV/Documents/GitHub/Whatever/Content/PolygonCity/Meshes/Props/SM_Prop_ParkingMeter_02.uasset" 454
"../../../../../../Users/ZHANDEV/Documents/GitHub/Whatever/Content/PolygonCity/Meshes/Props/SM_Prop_Phones_01.uasset" 455
"../../../../../../Users/ZHANDEV/Documents/GitHub/Whatever/Content/PolygonCity/Meshes/Props/SM_Prop_PicnicTable_01.uasset" 456
"../../../../../../Users/ZHANDEV/Documents/GitHub/Whatever/Content/PolygonCity/Meshes/Props/SM_Prop_Planter_01.uasset" 457
"../../../../../../Users/ZHANDEV/Documents/GitHub/Whatever/Content/PolygonCity/Meshes/Props/SM_Prop_PlanterWindow_01.uasset" 458
"../../../../../../Users/ZHANDEV/Documents/GitHub/Whatever/Content/PolygonCity/Meshes/Props/SM_Prop_PlanterWindow_02.uasset" 459
"../../../../../../Users/ZHANDEV/Documents/GitHub/Whatever/Content/PolygonCity/Meshes/Props/SM_Prop_Poster_Frame_01.uasset" 460
"../../../../../../Users/ZHANDEV/Documents/GitHub/Whatever/Content/PolygonCity/Meshes/Props/SM_Prop_PotPlant_01.uasset" 461
"../../../../../../Users/ZHANDEV/Documents/GitHub/Whatever/Content/PolygonCity/Meshes/Props/SM_Prop_Power_Cables_01.uasset" 462
"../../../../../../Users/ZHANDEV/Documents/GitHub/Whatever/Content/PolygonCity/Meshes/Props/SM_Prop_Power_Cables_03.uasset" 463
"../../../../../../Users/ZHANDEV/Documents/GitHub/Whatever/Content/PolygonCity/Meshes/Props/SM_Prop_PowerBox_01.uasset" 464
"../../../../../../Users/ZHANDEV/Documents/GitHub/Whatever/Content/PolygonCity/Meshes/Props/SM_Prop_Roof_Aircon_01.uasset" 465
"../../../../../../Users/ZHANDEV/Documents/GitHub/Whatever/Content/PolygonCity/Meshes/Props/SM_Prop_Roof_Aircon_02.uasset" 466
"../../../../../../Users/ZHANDEV/Documents/GitHub/Whatever/Content/PolygonCity/Meshes/Props/SM_Prop_Roof_Aircon_03.uasset" 467
"../../../../../../Users/ZHANDEV/Documents/GitHub/Whatever/Content/PolygonCity/Meshes/Props/SM_Prop_SatDish_01.uasset" 468
"../../../../../../Users/ZHANDEV/Documents/GitHub/Whatever/Content/PolygonCity/Meshes/Props/SM_Prop_SecurityCamera_Arm_01.uasset" 469
"../../../../../../Users/ZHANDEV/Documents/GitHub/Whatever/Content/PolygonCity/Meshes/Props/SM_Prop_SecurityCamera_Head_01.uasset" 470
"../../../../../../Users/ZHANDEV/Documents/GitHub/Whatever/Content/PolygonCity/Meshes/Props/SM_Prop_ShopInterior_Table_01.uasset" 471
"../../../../../../Users/ZHANDEV/Documents/GitHub/Whatever/Content/PolygonCity/Meshes/Props/SM_Prop_SidewalkPoles_01.uasset" 472
"../../../../../../Users/ZHANDEV/Documents/GitHub/Whatever/Content/PolygonCity/Meshes/Props/SM_Prop_Sign_Attachment_03.uasset" 473
"../../../../../../Users/ZHANDEV/Documents/GitHub/Whatever/Content/PolygonCity/Meshes/Props/SM_Prop_Sign_BusStop_01.uasset" 474
"../../../../../../Users/ZHANDEV/Documents/GitHub/Whatever/Content/PolygonCity/Meshes/Props/SM_Prop_Sign_Chinese_Noodles_01.uasset" 475
"../../../../../../Users/ZHANDEV/Documents/GitHub/Whatever/Content/PolygonCity/Meshes/Props/SM_Prop_Sign_GiveWay_03.uasset" 476
"../../../../../../Users/ZHANDEV/Documents/GitHub/Whatever/Content/PolygonCity/Meshes/Props/SM_Prop_Sign_Hospital_01.uasset" 477
"../../../../../../Users/ZHANDEV/Documents/GitHub/Whatever/Content/PolygonCity/Meshes/Props/SM_Prop_Sign_Hotel_01.uasset" 478
"../../../../../../Users/ZHANDEV/Documents/GitHub/Whatever/Content/PolygonCity/Meshes/Props/SM_Prop_Sign_Parking_01.uasset" 479
"../../../../../../Users/ZHANDEV/Documents/GitHub/Whatever/Content/PolygonCity/Meshes/Props/SM_Prop_Sign_Pizza_01.uasset" 480
"../../../../../../Users/ZHANDEV/Documents/GitHub/Whatever/Content/PolygonCity/Meshes/Props/SM_Prop_Sign_Police_01.uasset" 481
"../../../../../../Users/ZHANDEV/Documents/GitHub/Whatever/Content/PolygonCity/Meshes/Props/SM_Prop_Sign_Stop_01.uasset" 482
"../../../../../../Users/ZHANDEV/Documents/GitHub/Whatever/Content/PolygonCity/Meshes/Props/SM_Prop_Sign_Warning_01.uasset" 483
"../../../../../../Users/ZHANDEV/Documents/GitHub/Whatever/Content/PolygonCity/Meshes/Props/SM_Prop_Skip_01.uasset" 484
"../../../../../../Users/ZHANDEV/Documents/GitHub/Whatever/Content/PolygonCity/Meshes/Props/SM_Prop_Skip_02.uasset" 485
"../../../../../../Users/ZHANDEV/Documents/GitHub/Whatever/Content/PolygonCity/Meshes/Props/SM_Prop_Skylight_01.uasset" 486
"../../../../../../Users/ZHANDEV/Documents/GitHub/Whatever/Content/PolygonCity/Meshes/Props/SM_Prop_Skylight_01_Glass.uasset" 487
"../../../../../../Users/ZHANDEV/Documents/GitHub/Whatever/Content/PolygonCity/Meshes/Props/SM_Prop_Table_02.uasset" 488
"../../../../../../Users/ZHANDEV/Documents/GitHub/Whatever/Content/PolygonCity/Meshes/Props/SM_Prop_TrashBag_01.uasset" 489
"../../../../../../Users/ZHANDEV/Documents/GitHub/Whatever/Content/PolygonCity/Meshes/Props/SM_Prop_TrashBag_02.uasset" 490
"../../../../../../Users/ZHANDEV/Documents/GitHub/Whatever/Content/PolygonCity/Meshes/Props/SM_Prop_TrashBag_03.uasset" 491
"../../../../../../Users/ZHANDEV/Documents/GitHub/Whatever/Content/PolygonCity/Meshes/Props/SM_Prop_Trashbin_01.uasset" 492
"../../../../../../Users/ZHANDEV/Documents/GitHub/Whatever/Content/PolygonCity/Meshes/Props/SM_Prop_TrashCan_01.uasset" 493
"../../../../../../Users/ZHANDEV/Documents/GitHub/Whatever/Content/PolygonCity/Meshes/Props/SM_Prop_TrashCan_Lid_01.uasset" 494
"../../../../../../Users/ZHANDEV/Documents/GitHub/Whatever/Content/PolygonCity/Meshes/Props/SM_Prop_Vents_Corner_01.uasset" 495
"../../../../../../Users/ZHANDEV/Documents/GitHub/Whatever/Content/PolygonCity/Meshes/Props/SM_Prop_Vents_Corner_02.uasset" 496
"../../../../../../Users/ZHANDEV/Documents/GitHub/Whatever/Content/PolygonCity/Meshes/Props/SM_Prop_Vents_End_01.uasset" 497
"../../../../../../Users/ZHANDEV/Documents/GitHub/Whatever/Content/PolygonCity/Meshes/Props/SM_Prop_Vents_Exhaust_01.uasset" 498
"../../../../../../Users/ZHANDEV/Documents/GitHub/Whatever/Content/PolygonCity/Meshes/Props/SM_Prop_Vents_Straight_01.uasset" 499
"../../../../../../Users/ZHANDEV/Documents/GitHub/Whatever/Content/PolygonCity/Meshes/Props/SM_Prop_Vents_Transition_01.uasset" 500
"../../../../../../Users/ZHANDEV/Documents/GitHub/Whatever/Content/PolygonCity/Meshes/Props/SM_Prop_Washingline_01.uasset" 501
"../../../../../../Users/ZHANDEV/Documents/GitHub/Whatever/Content/PolygonCity/Meshes/Props/SM_Prop_Washingline_02.uasset" 502
"../../../../../../Users/ZHANDEV/Documents/GitHub/Whatever/Content/PolygonCity/Meshes/Props/SM_Prop_Washingline_03.uasset" 503
"../../../../../../Users/ZHANDEV/Documents/GitHub/Whatever/Content/PolygonCity/Meshes/Props/SM_Prop_Water_Tower_01.uasset" 504
"../../../../../../Users/ZHANDEV/Documents/GitHub/Whatever/Content/PolygonCity/Materials/Mat_PolygonCity_Glass_Car_Windows.uasset" 505
"../../../../../../Users/ZHANDEV/Documents/GitHub/Whatever/Content/PolygonCity/Meshes/Vehicles_Rigged/SK_Veh_Car_Ambo_01_PhysicsAsset.uasset" 506
"../../../../../../Users/ZHANDEV/Documents/GitHub/Whatever/Content/PolygonCity/Meshes/Vehicles_Rigged/SK_Veh_Car_Ambo_01_Skeleton.uasset" 507
"../../../../../../Users/ZHANDEV/Documents/GitHub/Whatever/Content/PolygonCity/Meshes/Vehicles_Rigged/SK_Veh_Car_Ambo_01.uasset" 508
"../../../../../../Users/ZHANDEV/Documents/GitHub/Whatever/Content/PolygonCity/Meshes/Vehicles_Rigged/SK_Veh_Car_Medium_01_PhysicsAsset.uasset" 509
"../../../../../../Users/ZHANDEV/Documents/GitHub/Whatever/Content/PolygonCity/Meshes/Vehicles_Rigged/SK_Veh_Car_Medium_01_Skeleton.uasset" 510
"../../../../../../Users/ZHANDEV/Documents/GitHub/Whatever/Content/PolygonCity/Meshes/Vehicles_Rigged/SK_Veh_Car_Medium_01.uasset" 511
"../../../../../../Users/ZHANDEV/Documents/GitHub/Whatever/Content/PolygonCity/Meshes/Vehicles_Rigged/SK_Veh_Car_Muscle_01_PhysicsAsset.uasset" 512
"../../../../../../Users/ZHANDEV/Documents/GitHub/Whatever/Content/PolygonCity/Meshes/Vehicles_Rigged/SK_Veh_Car_Muscle_01_Skeleton.uasset" 513
"../../../../../../Users/ZHANDEV/Documents/GitHub/Whatever/Content/PolygonCity/Meshes/Vehicles_Rigged/SK_Veh_Car_Muscle_01.uasset" 514
"../../../../../../Users/ZHANDEV/Documents/GitHub/Whatever/Content/PolygonCity/Meshes/Vehicles_Rigged/SK_Veh_Car_Police_01_PhysicsAsset.uasset" 515
"../../../../../../Users/ZHANDEV/Documents/GitHub/Whatever/Content/PolygonCity/Meshes/Vehicles_Rigged/SK_Veh_Car_Police_01_Skeleton.uasset" 516
"../../../../../../Users/ZHANDEV/Documents/GitHub/Whatever/Content/PolygonCity/Meshes/Vehicles_Rigged/SK_Veh_Car_Police_01.uasset" 517
"../../../../../../Users/ZHANDEV/Documents/GitHub/Whatever/Content/PolygonCity/Meshes/Vehicles_Rigged/SK_Veh_Car_Sedan_01_PhysicsAsset.uasset" 518
"../../../../../../Users/ZHANDEV/Documents/GitHub/Whatever/Content/PolygonCity/Meshes/Vehicles_Rigged/SK_Veh_Car_Sedan_01_Skeleton.uasset" 519
"../../../../../../Users/ZHANDEV/Documents/GitHub/Whatever/Content/PolygonCity/Meshes/Vehicles_Rigged/SK_Veh_Car_Sedan_01.uasset" 520
"../../../../../../Users/ZHANDEV/Documents/GitHub/Whatever/Content/PolygonCity/Meshes/Vehicles_Rigged/SK_Veh_Car_Small_01_PhysicsAsset.uasset" 521
"../../../../../../Users/ZHANDEV/Documents/GitHub/Whatever/Content/PolygonCity/Meshes/Vehicles_Rigged/SK_Veh_Car_Small_01_Skeleton.uasset" 522
"../../../../../../Users/ZHANDEV/Documents/GitHub/Whatever/Content/PolygonCity/Meshes/Vehicles_Rigged/SK_Veh_Car_Small_01.uasset" 523
"../../../../../../Users/ZHANDEV/Documents/GitHub/Whatever/Content/PolygonCity/Meshes/Vehicles_Rigged/SK_Veh_Car_Taxi_01_PhysicsAsset.uasset" 524
"../../../../../../Users/ZHANDEV/Documents/GitHub/Whatever/Content/PolygonCity/Meshes/Vehicles_Rigged/SK_Veh_Car_Taxi_01_Skeleton.uasset" 525
"../../../../../../Users/ZHANDEV/Documents/GitHub/Whatever/Content/PolygonCity/Meshes/Vehicles_Rigged/SK_Veh_Car_Taxi_01.uasset" 526
"../../../../../../Users/ZHANDEV/Documents/GitHub/Whatever/Content/PolygonCity/Meshes/Vehicles_Rigged/SK_Veh_Car_Van_01_PhysicsAsset.uasset" 527
"../../../../../../Users/ZHANDEV/Documents/GitHub/Whatever/Content/PolygonCity/Meshes/Vehicles_Rigged/SK_Veh_Car_Van_01_Skeleton.uasset" 528
"../../../../../../Users/ZHANDEV/Documents/GitHub/Whatever/Content/PolygonCity/Meshes/Vehicles_Rigged/SK_Veh_Car_Van_01.uasset" 529
"../../../../../../Users/ZHANDEV/Documents/GitHub/Whatever/Content/PolygonCity/Maps/Demonstration.umap" 530
"../../../../../../Users/ZHANDEV/Documents/GitHub/Whatever/Content/PolygonCity/Maps/Demonstration_Evening_BuiltData.uasset" 531
"../../../../../../Users/ZHANDEV/Documents/GitHub/Whatever/Content/PolygonCity/Materials/Mat_PolygonCity_Texture_01_A_Emissive.uasset" 532
"../../../../../../Users/ZHANDEV/Documents/GitHub/Whatever/Content/PolygonCity/Materials/Mat_PolygonCity_Texture_03_A_Emissive.uasset" 533
"../../../../../../Users/ZHANDEV/Documents/GitHub/Whatever/Content/PolygonCity/Materials/Mat_PolygonCity_FX_Rain.uasset" 534
"../../../Engine/Content/EngineMaterials/EmissiveTexturedMaterial.uasset" 535
"../../../Engine/Content/EngineMeshes/ParticleCube.uasset" 536
"../../../../../../Users/ZHANDEV/Documents/GitHub/Whatever/Content/PolygonCity/FX/P_FX_Rain.uasset" 537
"../../../../../../Users/ZHANDEV/Documents/GitHub/Whatever/Content/PolygonCity/FX/P_FX_Rain_Splash.uasset" 538
"../../../../../../Users/ZHANDEV/Documents/GitHub/Whatever/Content/PolygonCity/Maps/Demonstration_Evening.umap" 539
"../../../../../../Users/ZHANDEV/Documents/GitHub/Whatever/Content/PolygonCity/Maps/Overview_BuiltData.uasset" 540
"../../../../../../Users/ZHANDEV/Documents/GitHub/Whatever/Content/PolygonCity/Materials/Mat_Overview_Ground.uasset" 541
"../../../../../../Users/ZHANDEV/Documents/GitHub/Whatever/Content/PolygonCity/Meshes/Buildings/SM_Bld_OfficeOctagon_01.uasset" 542
"../../../../../../Users/ZHANDEV/Documents/GitHub/Whatever/Content/PolygonCity/Meshes/Buildings/SM_Bld_OfficeOld_Small_02.uasset" 543
"../../../../../../Users/ZHANDEV/Documents/GitHub/Whatever/Content/PolygonCity/Meshes/Buildings/SM_Bld_OfficeRound_01.uasset" 544
"../../../../../../Users/ZHANDEV/Documents/GitHub/Whatever/Content/PolygonCity/Meshes/Buildings/SM_Bld_OfficeRound_03.uasset" 545
"../../../../../../Users/ZHANDEV/Documents/GitHub/Whatever/Content/PolygonCity/Meshes/Buildings/SM_Bld_OfficeRound_04.uasset" 546
"../../../../../../Users/ZHANDEV/Documents/GitHub/Whatever/Content/PolygonCity/Meshes/Buildings/SM_Bld_OfficeSquare_03.uasset" 547
"../../../../../../Users/ZHANDEV/Documents/GitHub/Whatever/Content/PolygonCity/Meshes/Buildings/SM_Bld_OfficeSquare_04.uasset" 548
"../../../../../../Users/ZHANDEV/Documents/GitHub/Whatever/Content/PolygonCity/Meshes/Buildings/SM_Bld_Shop_Cover_01.uasset" 549
"../../../../../../Users/ZHANDEV/Documents/GitHub/Whatever/Content/PolygonCity/Meshes/Buildings/SM_Bld_Shop_Cover_02.uasset" 550
"../../../../../../Users/ZHANDEV/Documents/GitHub/Whatever/Content/PolygonCity/Meshes/Buildings/SM_Bld_Shop_Cover_03.uasset" 551
"../../../../../../Users/ZHANDEV/Documents/GitHub/Whatever/Content/PolygonCity/Meshes/Buildings/SM_Bld_Spire_01.uasset" 552
"../../../../../../Users/ZHANDEV/Documents/GitHub/Whatever/Content/PolygonCity/Meshes/Characters/SK_Character_BusinessMan_Shirt_PhysicsAsset.uasset" 553
"../../../Engine/Content/EngineMeshes/Humanoid.uasset" 554
"../../../../../../Users/ZHANDEV/Documents/GitHub/Whatever/Content/PolygonCity/Meshes/Characters/SK_Character_City_Rig.uasset" 555
"../../../../../../Users/ZHANDEV/Documents/GitHub/Whatever/Content/PolygonCity/Meshes/Characters/SK_Character_BusinessMan_Shirt.uasset" 556
"../../../../../../Users/ZHANDEV/Documents/GitHub/Whatever/Content/PolygonCity/Meshes/Characters/SK_Character_BusinessMan_Suit_PhysicsAsset.uasset" 557
"../../../../../../Users/ZHANDEV/Documents/GitHub/Whatever/Content/PolygonCity/Meshes/Characters/SK_Character_BusinessMan_Suit.uasset" 558
"../../../../../../Users/ZHANDEV/Documents/GitHub/Whatever/Content/PolygonCity/Meshes/Characters/SK_Character_BusinessWoman_PhysicsAsset.uasset" 559
"../../../../../../Users/ZHANDEV/Documents/GitHub/Whatever/Content/PolygonCity/Meshes/Characters/SK_Character_BusinessWoman.uasset" 560
"../../../../../../Users/ZHANDEV/Documents/GitHub/Whatever/Content/PolygonCity/Meshes/Characters/SK_Character_Female_Coat_PhysicsAsset.uasset" 561
"../../../../../../Users/ZHANDEV/Documents/GitHub/Whatever/Content/PolygonCity/Meshes/Characters/SK_Character_Female_Coat.uasset" 562
"../../../../../../Users/ZHANDEV/Documents/GitHub/Whatever/Content/PolygonCity/Meshes/Characters/SK_Character_Female_Jacket_PhysicsAsset.uasset" 563
"../../../../../../Users/ZHANDEV/Documents/GitHub/Whatever/Content/PolygonCity/Meshes/Characters/SK_Character_Female_Jacket.uasset" 564
"../../../../../../Users/ZHANDEV/Documents/GitHub/Whatever/Content/PolygonCity/Meshes/Characters/SK_Character_Female_Police_PhysicsAsset.uasset" 565
"../../../../../../Users/ZHANDEV/Documents/GitHub/Whatever/Content/PolygonCity/Meshes/Characters/SK_Character_Female_Police.uasset" 566
"../../../../../../Users/ZHANDEV/Documents/GitHub/Whatever/Content/PolygonCity/Meshes/Characters/SK_Character_Male_Hoodie_PhysicsAsset.uasset" 567
"../../../../../../Users/ZHANDEV/Documents/GitHub/Whatever/Content/PolygonCity/Meshes/Characters/SK_Character_Male_Hoodie.uasset" 568
"../../../../../../Users/ZHANDEV/Documents/GitHub/Whatever/Content/PolygonCity/Meshes/Characters/SK_Character_Male_Jacket_PhysicsAsset.uasset" 569
"../../../../../../Users/ZHANDEV/Documents/GitHub/Whatever/Content/PolygonCity/Meshes/Characters/SK_Character_Male_Jacket.uasset" 570
"../../../../../../Users/ZHANDEV/Documents/GitHub/Whatever/Content/PolygonCity/Meshes/Characters/SK_Character_Male_Police_PhysicsAsset.uasset" 571
"../../../../../../Users/ZHANDEV/Documents/GitHub/Whatever/Content/PolygonCity/Meshes/Characters/SK_Character_Male_Police.uasset" 572
"../../../../../../Users/ZHANDEV/Documents/GitHub/Whatever/Content/PolygonCity/Meshes/Environments/SM_Diagnostic_Plane_01.uasset" 573
"../../../../../../Users/ZHANDEV/Documents/GitHub/Whatever/Content/PolygonCity/Meshes/Environments/SM_Env_GrassPath_Junction_01.uasset" 574
"../../../../../../Users/ZHANDEV/Documents/GitHub/Whatever/Content/PolygonCity/Meshes/Environments/SM_Env_Path_Corner_01.uasset" 575
"../../../../../../Users/ZHANDEV/Documents/GitHub/Whatever/Content/PolygonCity/Meshes/Environments/SM_Env_Path_Junction_01.uasset" 576
"../../../../../../Users/ZHANDEV/Documents/GitHub/Whatever/Content/PolygonCity/Meshes/Environments/SM_Env_Path_Straight_01.uasset" 577
"../../../../../../Users/ZHANDEV/Documents/GitHub/Whatever/Content/PolygonCity/Meshes/Environments/SM_Env_Path_T_01.uasset" 578
"../../../../../../Users/ZHANDEV/Documents/GitHub/Whatever/Content/PolygonCity/Meshes/Environments/SM_Env_Road_01.uasset" 579
"../../../../../../Users/ZHANDEV/Documents/GitHub/Whatever/Content/PolygonCity/Meshes/Environments/SM_Env_Road_Median_01.uasset" 580
"../../../../../../Users/ZHANDEV/Documents/GitHub/Whatever/Content/PolygonCity/Meshes/Environments/SM_Env_Road_Median_02.uasset" 581
"../../../../../../Users/ZHANDEV/Documents/GitHub/Whatever/Content/PolygonCity/Meshes/Environments/SM_Env_Road_Patch_01.uasset" 582
"../../../../../../Users/ZHANDEV/Documents/GitHub/Whatever/Content/PolygonCity/Meshes/Environments/SM_Env_Sidewalk_Straight_02.uasset" 583
"../../../../../../Users/ZHANDEV/Documents/GitHub/Whatever/Content/PolygonCity/Meshes/Props/SM_Prop_Buger_01.uasset" 584
"../../../../../../Users/ZHANDEV/Documents/GitHub/Whatever/Content/PolygonCity/Meshes/Props/SM_Prop_BusStop_01_Glass.uasset" 585
"../../../../../../Users/ZHANDEV/Documents/GitHub/Whatever/Content/PolygonCity/Meshes/Props/SM_Prop_CarboardBox_02.uasset" 586
"../../../../../../Users/ZHANDEV/Documents/GitHub/Whatever/Content/PolygonCity/Meshes/Props/SM_Prop_Cone_02.uasset" 587
"../../../../../../Users/ZHANDEV/Documents/GitHub/Whatever/Content/PolygonCity/Meshes/Props/SM_Prop_Deckchair_01.uasset" 588
"../../../../../../Users/ZHANDEV/Documents/GitHub/Whatever/Content/PolygonCity/Meshes/Props/SM_Prop_Door_01.uasset" 589
"../../../../../../Users/ZHANDEV/Documents/GitHub/Whatever/Content/PolygonCity/Meshes/Props/SM_Prop_Door_02.uasset" 590
"../../../../../../Users/ZHANDEV/Documents/GitHub/Whatever/Content/PolygonCity/Meshes/Props/SM_Prop_LargeSign_Beer_01.uasset" 591
"../../../../../../Users/ZHANDEV/Documents/GitHub/Whatever/Content/PolygonCity/Meshes/Props/SM_Prop_LargeSign_Donut_01.uasset" 592
"../../../../../../Users/ZHANDEV/Documents/GitHub/Whatever/Content/PolygonCity/Meshes/Props/SM_Prop_LargeSign_Icecream_01.uasset" 593
"../../../../../../Users/ZHANDEV/Documents/GitHub/Whatever/Content/PolygonCity/Meshes/Props/SM_Prop_LargeSign_Soda_01.uasset" 594
"../../../../../../Users/ZHANDEV/Documents/GitHub/Whatever/Content/PolygonCity/Meshes/Props/SM_Prop_Light_Attachment_01.uasset" 595
"../../../../../../Users/ZHANDEV/Documents/GitHub/Whatever/Content/PolygonCity/Meshes/Props/SM_Prop_Newspaper_01.uasset" 596
"../../../../../../Users/ZHANDEV/Documents/GitHub/Whatever/Content/PolygonCity/Meshes/Props/SM_Prop_Pallet_01.uasset" 597
"../../../../../../Users/ZHANDEV/Documents/GitHub/Whatever/Content/PolygonCity/Meshes/Props/SM_Prop_Paper_01.uasset" 598
"../../../../../../Users/ZHANDEV/Documents/GitHub/Whatever/Content/PolygonCity/Meshes/Props/SM_Prop_Paper_02.uasset" 599
"../../../../../../Users/ZHANDEV/Documents/GitHub/Whatever/Content/PolygonCity/Meshes/Props/SM_Prop_Paper_03.uasset" 600
"../../../../../../Users/ZHANDEV/Documents/GitHub/Whatever/Content/PolygonCity/Meshes/Props/SM_Prop_Paper_04.uasset" 601
"../../../../../../Users/ZHANDEV/Documents/GitHub/Whatever/Content/PolygonCity/Meshes/Props/SM_Prop_Paper_05.uasset" 602
"../../../../../../Users/ZHANDEV/Documents/GitHub/Whatever/Content/PolygonCity/Meshes/Props/SM_Prop_Pipe_Part_Connect_01.uasset" 603
"../../../../../../Users/ZHANDEV/Documents/GitHub/Whatever/Content/PolygonCity/Meshes/Props/SM_Prop_Pipe_Part_Corner_01.uasset" 604
"../../../../../../Users/ZHANDEV/Documents/GitHub/Whatever/Content/PolygonCity/Meshes/Props/SM_Prop_Pipe_Part_Straight_01.uasset" 605
"../../../../../../Users/ZHANDEV/Documents/GitHub/Whatever/Content/PolygonCity/Meshes/Props/SM_Prop_Pipe_Part_T_01.uasset" 606
"../../../../../../Users/ZHANDEV/Documents/GitHub/Whatever/Content/PolygonCity/Meshes/Props/SM_Prop_Pipe_Present_01.uasset" 607
"../../../../../../Users/ZHANDEV/Documents/GitHub/Whatever/Content/PolygonCity/Meshes/Props/SM_Prop_Pipe_Present_02.uasset" 608
"../../../../../../Users/ZHANDEV/Documents/GitHub/Whatever/Content/PolygonCity/Meshes/Props/SM_Prop_Pipe_Present_03.uasset" 609
"../../../../../../Users/ZHANDEV/Documents/GitHub/Whatever/Content/PolygonCity/Meshes/Props/SM_Prop_Pipe_Small_01.uasset" 610
"../../../../../../Users/ZHANDEV/Documents/GitHub/Whatever/Content/PolygonCity/Meshes/Props/SM_Prop_Pipe_Small_02.uasset" 611
"../../../../../../Users/ZHANDEV/Documents/GitHub/Whatever/Content/PolygonCity/Meshes/Props/SM_Prop_Planter_02.uasset" 612
"../../../../../../Users/ZHANDEV/Documents/GitHub/Whatever/Content/PolygonCity/Meshes/Props/SM_Prop_Police_Baton_01.uasset" 613
"../../../../../../Users/ZHANDEV/Documents/GitHub/Whatever/Content/PolygonCity/Meshes/Props/SM_Prop_Poster_01.uasset" 614
"../../../../../../Users/ZHANDEV/Documents/GitHub/Whatever/Content/PolygonCity/Meshes/Props/SM_Prop_Poster_02.uasset" 615
"../../../../../../Users/ZHANDEV/Documents/GitHub/Whatever/Content/PolygonCity/Meshes/Props/SM_Prop_Poster_03.uasset" 616
"../../../../../../Users/ZHANDEV/Documents/GitHub/Whatever/Content/PolygonCity/Meshes/Props/SM_Prop_PotPlant_02.uasset" 617
"../../../../../../Users/ZHANDEV/Documents/GitHub/Whatever/Content/PolygonCity/Meshes/Props/SM_Prop_Power_Cables_02.uasset" 618
"../../../../../../Users/ZHANDEV/Documents/GitHub/Whatever/Content/PolygonCity/Meshes/Props/SM_Prop_SecurityCamera_01.uasset" 619
"../../../../../../Users/ZHANDEV/Documents/GitHub/Whatever/Content/PolygonCity/Meshes/Props/SM_Prop_ShopInterior_Cafe_01.uasset" 620
"../../../../../../Users/ZHANDEV/Documents/GitHub/Whatever/Content/PolygonCity/Meshes/Props/SM_Prop_ShopInterior_Chair_01.uasset" 621
"../../../../../../Users/ZHANDEV/Documents/GitHub/Whatever/Content/PolygonCity/Meshes/Props/SM_Prop_ShopInterior_Desk_01.uasset" 622
"../../../../../../Users/ZHANDEV/Documents/GitHub/Whatever/Content/PolygonCity/Meshes/Props/SM_Prop_ShopInterior_Desk_02.uasset" 623
"../../../../../../Users/ZHANDEV/Documents/GitHub/Whatever/Content/PolygonCity/Meshes/Props/SM_Prop_ShopInterior_Display_01.uasset" 624
"../../../../../../Users/ZHANDEV/Documents/GitHub/Whatever/Content/PolygonCity/Meshes/Props/SM_Prop_ShopInterior_Display_02.uasset" 625
"../../../../../../Users/ZHANDEV/Documents/GitHub/Whatever/Content/PolygonCity/Meshes/Props/SM_Prop_ShopInterior_Shelf_01.uasset" 626
"../../../../../../Users/ZHANDEV/Documents/GitHub/Whatever/Content/PolygonCity/Meshes/Props/SM_Prop_ShopInterior_Shelf_02.uasset" 627
"../../../../../../Users/ZHANDEV/Documents/GitHub/Whatever/Content/PolygonCity/Meshes/Props/SM_Prop_ShopInterior_Shelf_03.uasset" 628
"../../../../../../Users/ZHANDEV/Documents/GitHub/Whatever/Content/PolygonCity/Meshes/Props/SM_Prop_ShopInterior_Shelf_04.uasset" 629
"../../../../../../Users/ZHANDEV/Documents/GitHub/Whatever/Content/PolygonCity/Meshes/Props/SM_Prop_Sidewalk_Panel_01.uasset" 630
"../../../../../../Users/ZHANDEV/Documents/GitHub/Whatever/Content/PolygonCity/Meshes/Props/SM_Prop_Sidewalk_Panel_02.uasset" 631
"../../../../../../Users/ZHANDEV/Documents/GitHub/Whatever/Content/PolygonCity/Meshes/Props/SM_Prop_Sidewalk_Panel_03.uasset" 632
"../../../../../../Users/ZHANDEV/Documents/GitHub/Whatever/Content/PolygonCity/Meshes/Props/SM_Prop_Sidewalk_Panel_04.uasset" 633
"../../../../../../Users/ZHANDEV/Documents/GitHub/Whatever/Content/PolygonCity/Meshes/Props/SM_Prop_Sidewalk_Panel_05.uasset" 634
"../../../../../../Users/ZHANDEV/Documents/GitHub/Whatever/Content/PolygonCity/Meshes/Props/SM_Prop_SidewalkPoles_02.uasset" 635
"../../../../../../Users/ZHANDEV/Documents/GitHub/Whatever/Content/PolygonCity/Meshes/Props/SM_Prop_Sign_Arrow_01.uasset" 636
"../../../../../../Users/ZHANDEV/Documents/GitHub/Whatever/Content/PolygonCity/Meshes/Props/SM_Prop_Sign_Attachment_01.uasset" 637
"../../../../../../Users/ZHANDEV/Documents/GitHub/Whatever/Content/PolygonCity/Meshes/Props/SM_Prop_Sign_Attachment_02.uasset" 638
"../../../../../../Users/ZHANDEV/Documents/GitHub/Whatever/Content/PolygonCity/Meshes/Props/SM_Prop_Sign_Bar_01.uasset" 639
"../../../../../../Users/ZHANDEV/Documents/GitHub/Whatever/Content/PolygonCity/Meshes/Props/SM_Prop_Sign_Barber_01.uasset" 640
"../../../../../../Users/ZHANDEV/Documents/GitHub/Whatever/Content/PolygonCity/Meshes/Props/SM_Prop_Sign_Cafe_01.uasset" 641
"../../../../../../Users/ZHANDEV/Documents/GitHub/Whatever/Content/PolygonCity/Meshes/Props/SM_Prop_Sign_DeliPizza_01.uasset" 642
"../../../../../../Users/ZHANDEV/Documents/GitHub/Whatever/Content/PolygonCity/Meshes/Props/SM_Prop_Sign_Entrance_01.uasset" 643
"../../../../../../Users/ZHANDEV/Documents/GitHub/Whatever/Content/PolygonCity/Meshes/Props/SM_Prop_Sign_FireDepartment_01.uasset" 644
"../../../../../../Users/ZHANDEV/Documents/GitHub/Whatever/Content/PolygonCity/Meshes/Props/SM_Prop_Sign_GiveWay_01.uasset" 645
"../../../../../../Users/ZHANDEV/Documents/GitHub/Whatever/Content/PolygonCity/Meshes/Props/SM_Prop_Sign_GiveWay_02.uasset" 646
"../../../../../../Users/ZHANDEV/Documents/GitHub/Whatever/Content/PolygonCity/Meshes/Props/SM_Prop_Sign_Pub_01.uasset" 647
"../../../../../../Users/ZHANDEV/Documents/GitHub/Whatever/Content/PolygonCity/Meshes/Props/SM_Prop_Sign_Street_01.uasset" 648
"../../../../../../Users/ZHANDEV/Documents/GitHub/Whatever/Content/PolygonCity/Meshes/Props/SM_Prop_Sign_Street_02.uasset" 649
"../../../../../../Users/ZHANDEV/Documents/GitHub/Whatever/Content/PolygonCity/Meshes/Props/SM_Prop_Sign_XXX_01.uasset" 650
"../../../../../../Users/ZHANDEV/Documents/GitHub/Whatever/Content/PolygonCity/Meshes/Props/SM_Prop_SmartPhone_01.uasset" 651
"../../../../../../Users/ZHANDEV/Documents/GitHub/Whatever/Content/PolygonCity/Meshes/Props/SM_Prop_Soda_01.uasset" 652
"../../../../../../Users/ZHANDEV/Documents/GitHub/Whatever/Content/PolygonCity/Meshes/Props/SM_Prop_Soda_02.uasset" 653
"../../../../../../Users/ZHANDEV/Documents/GitHub/Whatever/Content/PolygonCity/Meshes/Props/SM_Prop_Soda_03.uasset" 654
"../../../../../../Users/ZHANDEV/Documents/GitHub/Whatever/Content/PolygonCity/Meshes/Props/SM_Prop_TrafficLight_01.uasset" 655
"../../../../../../Users/ZHANDEV/Documents/GitHub/Whatever/Content/PolygonCity/Meshes/Props/SM_Prop_TrafficLight_02.uasset" 656
"../../../../../../Users/ZHANDEV/Documents/GitHub/Whatever/Content/PolygonCity/Meshes/Props/SM_Prop_TrafficLight_03.uasset" 657
"../../../../../../Users/ZHANDEV/Documents/GitHub/Whatever/Content/PolygonCity/Meshes/Props/SM_Prop_Trashbin_02.uasset" 658
"../../../../../../Users/ZHANDEV/Documents/GitHub/Whatever/Content/PolygonCity/Meshes/Props/SM_Prop_Umbrella_01.uasset" 659
"../../../../../../Users/ZHANDEV/Documents/GitHub/Whatever/Content/PolygonCity/Meshes/Props/SM_Prop_Vents_Wide_01.uasset" 660
"../../../../../../Users/ZHANDEV/Documents/GitHub/Whatever/Content/PolygonCity/Meshes/Props/SM_Prop_Washingline_04.uasset" 661
"../../../../../../Users/ZHANDEV/Documents/GitHub/Whatever/Content/PolygonCity/Meshes/Props/SM_Prop_Window_01.uasset" 662
"../../../../../../Users/ZHANDEV/Documents/GitHub/Whatever/Content/PolygonCity/Maps/Overview.umap" 663
"../../../Engine/Content/Maps/Entry_BuiltData.uasset" 664
"../../../Engine/Content/Maps/Entry.umap" 665
